<?xml version="1.0" encoding="UTF-8"?>
<testsuite name="planner.ui.UpdatedProfileManagementTest" tests="7" skipped="0" failures="0" errors="0" timestamp="2026-05-12T07:17:33" hostname="Mac.lan" time="1.484">
  <properties/>
  <testcase name="testProfileSelectionWorkflow()" classname="planner.ui.UpdatedProfileManagementTest" time="0.12"/>
  <testcase name="testSaveProfileAutoClose()" classname="planner.ui.UpdatedProfileManagementTest" time="0.234"/>
  <testcase name="testLogoutButtonVisibility()" classname="planner.ui.UpdatedProfileManagementTest" time="0.283"/>
  <testcase name="testReadOnlyProfileView()" classname="planner.ui.UpdatedProfileManagementTest" time="0.177"/>
  <testcase name="testAccountMenuStructure()" classname="planner.ui.UpdatedProfileManagementTest" time="0.185"/>
  <testcase name="testAddNewProfileWorkflow()" classname="planner.ui.UpdatedProfileManagementTest" time="0.18"/>
  <testcase name="testProfileDialogWorkflows()" classname="planner.ui.UpdatedProfileManagementTest" time="0.303"/>
  <system-out><![CDATA[DEBUG: refreshCourseList() called
DEBUG: Model has 0 courses
DEBUG: CourseListModel now has 0 items
DEBUG: refreshCourseList() called
DEBUG: Model has 0 courses
DEBUG: CourseListModel now has 0 items
DEBUG: saveCourses called with 0 courses, profilePrefix: S99999_Auto_Close
DEBUG: refreshCourseList() called
DEBUG: Model has 0 courses
DEBUG: CourseListModel now has 0 items
DEBUG: refreshCourseList() called
DEBUG: Model has 0 courses
DEBUG: CourseListModel now has 0 items
DEBUG: saveCourses called with 0 courses, profilePrefix: null
DEBUG: Current profile from preferences: null
DEBUG: No student logged in - keeping lists empty
DEBUG: refreshCourseList() called
DEBUG: Model has 0 courses
DEBUG: CourseListModel now has 0 items
DEBUG: refreshCourseList() called
DEBUG: Model has 0 courses
DEBUG: CourseListModel now has 0 items
DEBUG: refreshCourseList() called
DEBUG: Model has 0 courses
DEBUG: CourseListModel now has 0 items
DEBUG: saveCourses called with 0 courses, profilePrefix: S11111_Alice_Wonder
DEBUG: Current profile from preferences: null
DEBUG: No student logged in - keeping lists empty
]]></system-out>
  <system-err><![CDATA[]]></system-err>
</testsuite>
