<?xml version="1.0" encoding="UTF-8"?>
<testsuite name="planner.model.PlannerModelTodayTest" tests="7" skipped="0" failures="0" errors="0" timestamp="2026-04-28T17:07:24" hostname="Mac.lan" time="0.026">
  <properties/>
  <testcase name="testGetTasksForToday_IncludesCompletedTasks()" classname="planner.model.PlannerModelTodayTest" time="0.018"/>
  <testcase name="testGetTasksForToday_WithNullDueDate()" classname="planner.model.PlannerModelTodayTest" time="0.001"/>
  <testcase name="testGetTasksForToday_EmptyList()" classname="planner.model.PlannerModelTodayTest" time="0.0"/>
  <testcase name="testGetTasksForToday_SortedByTime()" classname="planner.model.PlannerModelTodayTest" time="0.001"/>
  <testcase name="testGetTasksForToday_WithTasksForToday()" classname="planner.model.PlannerModelTodayTest" time="0.001"/>
  <testcase name="testGetTasksForToday_NoTasksForToday()" classname="planner.model.PlannerModelTodayTest" time="0.001"/>
  <testcase name="testGetTasksForToday_MidnightTasks()" classname="planner.model.PlannerModelTodayTest" time="0.001"/>
  <system-out><![CDATA[]]></system-out>
  <system-err><![CDATA[]]></system-err>
</testsuite>
