<?xml version="1.0" encoding="UTF-8"?>
<testsuite name="planner.model.TaskPaletteTest" tests="8" skipped="0" failures="0" errors="0" timestamp="2026-04-28T17:13:45" hostname="Mac.lan" time="0.005">
  <properties/>
  <testcase name="Should return default color for invalid hex" classname="planner.model.TaskPaletteTest" time="0.001"/>
  <testcase name="Should contain default color in palette" classname="planner.model.TaskPaletteTest" time="0.001"/>
  <testcase name="Should have correct number of palette colors" classname="planner.model.TaskPaletteTest" time="0.0"/>
  <testcase name="Should check if hex is in palette" classname="planner.model.TaskPaletteTest" time="0.0"/>
  <testcase name="Should have valid hex format for all palette colors" classname="planner.model.TaskPaletteTest" time="0.001"/>
  <testcase name="Should canonicalize valid hex colors from palette" classname="planner.model.TaskPaletteTest" time="0.0"/>
  <testcase name="Should handle edge cases consistently" classname="planner.model.TaskPaletteTest" time="0.0"/>
  <testcase name="Should be immutable" classname="planner.model.TaskPaletteTest" time="0.0"/>
  <system-out><![CDATA[]]></system-out>
  <system-err><![CDATA[]]></system-err>
</testsuite>
