<?xml version="1.0" encoding="UTF-8"?>
<testsuite name="planner.ui.DefaultTabTest" tests="5" skipped="0" failures="0" errors="0" timestamp="2026-04-28T18:16:54" hostname="Mac.lan" time="0.614">
  <properties/>
  <testcase name="testDefaultTabEdgeCases()" classname="planner.ui.DefaultTabTest" time="0.097"/>
  <testcase name="testDefaultTabIntegration()" classname="planner.ui.DefaultTabTest" time="0.15"/>
  <testcase name="testDefaultTabFallback()" classname="planner.ui.DefaultTabTest" time="0.09"/>
  <testcase name="testDefaultTabPersistence()" classname="planner.ui.DefaultTabTest" time="0.179"/>
  <testcase name="testDefaultTabValidation()" classname="planner.ui.DefaultTabTest" time="0.093"/>
  <system-out><![CDATA[]]></system-out>
  <system-err><![CDATA[]]></system-err>
</testsuite>
