<?xml version="1.0" encoding="UTF-8"?>
<testsuite name="planner.model.EventTest" tests="14" skipped="0" failures="0" errors="0" timestamp="2026-04-28T17:13:45" hostname="Mac.lan" time="0.015">
  <properties/>
  <testcase name="Should handle edge case overlapping" classname="planner.model.EventTest" time="0.006"/>
  <testcase name="Should not equal different type" classname="planner.model.EventTest" time="0.0"/>
  <testcase name="Should handle toString correctly" classname="planner.model.EventTest" time="0.001"/>
  <testcase name="Should equal itself" classname="planner.model.EventTest" time="0.0"/>
  <testcase name="Should handle multi-day events" classname="planner.model.EventTest" time="0.0"/>
  <testcase name="Should generate unique IDs for different events" classname="planner.model.EventTest" time="0.001"/>
  <testcase name="Should handle event with ID constructor" classname="planner.model.EventTest" time="0.0"/>
  <testcase name="Should implement hashCode based on ID" classname="planner.model.EventTest" time="0.0"/>
  <testcase name="Should check if event overlaps with time range" classname="planner.model.EventTest" time="0.001"/>
  <testcase name="Should not equal null" classname="planner.model.EventTest" time="0.0"/>
  <testcase name="Should implement equals based on ID" classname="planner.model.EventTest" time="0.001"/>
  <testcase name="Should check if event occurs on specific date" classname="planner.model.EventTest" time="0.0"/>
  <testcase name="Should update event information" classname="planner.model.EventTest" time="0.0"/>
  <testcase name="Should create event with valid data" classname="planner.model.EventTest" time="0.0"/>
  <system-out><![CDATA[]]></system-out>
  <system-err><![CDATA[]]></system-err>
</testsuite>
