<?xml version="1.0" encoding="UTF-8"?>
<testsuite name="planner.model.EventTest" tests="13" skipped="0" failures="0" errors="0" timestamp="2026-05-12T13:54:26" hostname="Mac.lan" time="0.013">
  <properties/>
  <testcase name="Should not equal different type" classname="planner.model.EventTest" time="0.001"/>
  <testcase name="Should handle toString correctly" classname="planner.model.EventTest" time="0.001"/>
  <testcase name="Should equal itself" classname="planner.model.EventTest" time="0.001"/>
  <testcase name="Should generate unique IDs for different events" classname="planner.model.EventTest" time="0.0"/>
  <testcase name="Should handle event with ID constructor" classname="planner.model.EventTest" time="0.001"/>
  <testcase name="Should implement hashCode based on ID" classname="planner.model.EventTest" time="0.0"/>
  <testcase name="Should detect overlapping events correctly" classname="planner.model.EventTest" time="0.001"/>
  <testcase name="Should not equal null" classname="planner.model.EventTest" time="0.0"/>
  <testcase name="Should implement equals based on ID" classname="planner.model.EventTest" time="0.003"/>
  <testcase name="Should check if event occurs on specific date" classname="planner.model.EventTest" time="0.001"/>
  <testcase name="Should handle edge cases for overlap detection" classname="planner.model.EventTest" time="0.0"/>
  <testcase name="Should update event information" classname="planner.model.EventTest" time="0.0"/>
  <testcase name="Should create event with valid data" classname="planner.model.EventTest" time="0.001"/>
  <system-out><![CDATA[]]></system-out>
  <system-err><![CDATA[]]></system-err>
</testsuite>
