<?xml version="1.0" encoding="UTF-8"?>
<testsuite name="planner.model.StudentTest" tests="9" skipped="0" failures="0" errors="0" timestamp="2026-05-12T13:54:27" hostname="Mac.lan" time="0.016">
  <properties/>
  <testcase name="Should not equal different type" classname="planner.model.StudentTest" time="0.001"/>
  <testcase name="Should handle toString correctly" classname="planner.model.StudentTest" time="0.003"/>
  <testcase name="Should equal itself" classname="planner.model.StudentTest" time="0.001"/>
  <testcase name="Should create student with valid data" classname="planner.model.StudentTest" time="0.001"/>
  <testcase name="Should generate unique IDs for different students" classname="planner.model.StudentTest" time="0.0"/>
  <testcase name="Should implement hashCode based on ID" classname="planner.model.StudentTest" time="0.001"/>
  <testcase name="Should not equal null" classname="planner.model.StudentTest" time="0.002"/>
  <testcase name="Should implement equals based on ID" classname="planner.model.StudentTest" time="0.002"/>
  <testcase name="Should update student information" classname="planner.model.StudentTest" time="0.001"/>
  <system-out><![CDATA[]]></system-out>
  <system-err><![CDATA[]]></system-err>
</testsuite>
