<?xml version="1.0" encoding="UTF-8"?>
<testsuite name="planner.ui.DefaultTabApplicationTest" tests="6" skipped="0" failures="0" errors="0" timestamp="2026-05-12T14:01:19" hostname="Mac.lan" time="0.017">
  <properties/>
  <testcase name="testDefaultTabWithTasks()" classname="planner.ui.DefaultTabApplicationTest" time="0.005"/>
  <testcase name="testDefaultTabWithToday()" classname="planner.ui.DefaultTabApplicationTest" time="0.002"/>
  <testcase name="testDefaultTabWithInvalidTab()" classname="planner.ui.DefaultTabApplicationTest" time="0.002"/>
  <testcase name="testDefaultTabWithCalendar()" classname="planner.ui.DefaultTabApplicationTest" time="0.003"/>
  <testcase name="testDefaultTabFallbackToTasks()" classname="planner.ui.DefaultTabApplicationTest" time="0.0"/>
  <testcase name="testDefaultTabWithWeeklyPriorities()" classname="planner.ui.DefaultTabApplicationTest" time="0.002"/>
  <system-out><![CDATA[]]></system-out>
  <system-err><![CDATA[]]></system-err>
</testsuite>
